{
  "stats": {
    "suites": 1,
    "tests": 1,
    "passes": 0,
    "pending": 0,
    "failures": 1,
    "start": "2021-08-29T00:47:51.142Z",
    "end": "2021-08-29T00:48:08.087Z",
    "duration": 16945,
    "testsRegistered": 1,
    "passPercent": 0,
    "pendingPercent": 0,
    "other": 0,
    "hasOther": false,
    "skipped": 0,
    "hasSkipped": false
  },
  "results": [
    {
      "uuid": "c0cbe545-437e-4401-aec6-f93ba95f9d3f",
      "title": "",
      "fullFile": "cypress/integration/2-advanced-examples/userIsUnavailable.test.js",
      "file": "cypress/integration/2-advanced-examples/userIsUnavailable.test.js",
      "beforeHooks": [],
      "afterHooks": [],
      "tests": [],
      "suites": [
        {
          "uuid": "cd6d4945-4922-44ea-82ab-0511bd02fe6c",
          "title": "My First Test",
          "fullFile": "",
          "file": "",
          "beforeHooks": [],
          "afterHooks": [],
          "tests": [
            {
              "title": "Visits aircall",
              "fullTitle": "My First Test Visits aircall",
              "timedOut": null,
              "duration": 14543,
              "state": "failed",
              "speed": null,
              "pass": false,
              "fail": true,
              "pending": false,
              "context": null,
              "code": "cy.visit('https://phone.aircall.io/');\ncy.url().should('include', 'login');\ncy.get('[data-test=signin-email-input]').type(LoginData.email).should('be.visible'); // Fill the password\ncy.get('[data-test=signin-password-input]').type(LoginData.passWord).should('be.visible'); // Locate and submit the form\ncy.get('[data-test=signin-button]').click();\ncy.wait(7000);\ncy.get('[data-test=continue-button]').click();\ncy.get('[data-test=next-button]').click();\ncy.get('[data-test=next-button]').click();\ncy.get('[data-test=next-button]').click();\ncy.get('[data-test=next-button]').click();\ncy.get('[data-test=keyboard-input-text]').type(LoginData.number);\ncy.get('.Call__SvgCall-sc-19179tn-0').click();\ncy.url().should('include', 'ringing');\ncy.location('pathname', {\n  timeout: 60000\n}).should('include', '/incall');\ncy.get('.HangUp__SvgHangUp-sc-1rxq485-0').click().log('user is unavailable');",
              "err": {
                "message": "AssertionError: Timed out retrying after 4000ms: Expected to find element: `[data-test=continue-button]`, but never found it.",
                "estack": "AssertionError: Timed out retrying after 4000ms: Expected to find element: `[data-test=continue-button]`, but never found it.\n    at Context.eval (https://phone.aircall.io/__cypress/tests?p=cypress\\integration\\2-advanced-examples\\userIsUnavailable.test.js:116:8)",
                "diff": null
              },
              "uuid": "b7223404-252b-4ec7-84c8-1af48a993398",
              "parentUUID": "cd6d4945-4922-44ea-82ab-0511bd02fe6c",
              "isHook": false,
              "skipped": false
            }
          ],
          "suites": [],
          "passes": [],
          "failures": [
            "b7223404-252b-4ec7-84c8-1af48a993398"
          ],
          "pending": [],
          "skipped": [],
          "duration": 14543,
          "root": false,
          "rootEmpty": false,
          "_timeout": 2000
        }
      ],
      "passes": [],
      "failures": [],
      "pending": [],
      "skipped": [],
      "duration": 0,
      "root": true,
      "rootEmpty": true,
      "_timeout": 2000
    }
  ],
  "meta": {
    "mocha": {
      "version": "7.0.1"
    },
    "mochawesome": {
      "options": {
        "quiet": false,
        "reportFilename": "mochawesome",
        "saveHtml": true,
        "saveJson": true,
        "consoleReporter": "spec",
        "useInlineDiffs": false,
        "code": true
      },
      "version": "6.2.2"
    },
    "marge": {
      "options": null,
      "version": "5.2.0"
    }
  }
}